<?xml version="1.0" encoding="UTF-8"?>
<testng-results skipped="0" failed="0" ignored="0" total="2" passed="2">
  <reporter-output>
  </reporter-output>
  <suite name="Surefire suite" duration-ms="104810" started-at="2020-08-10T01:18:01Z" finished-at="2020-08-10T01:19:46Z">
    <groups>
    </groups>
    <test name="Surefire test" duration-ms="104810" started-at="2020-08-10T01:18:01Z" finished-at="2020-08-10T01:19:46Z">
      <class name="com.disney.HomePageTest">
        <test-method status="PASS" signature="setUp()[pri:0, instance:com.disney.HomePageTest@4909b8da]" name="setUp" is-config="true" duration-ms="8233" started-at="2020-08-10T01:18:01Z" finished-at="2020-08-10T01:18:10Z">
          <reporter-output>
          </reporter-output>
        </test-method> <!-- setUp -->
        <test-method status="PASS" signature="findShopTest()[pri:0, instance:com.disney.HomePageTest@4909b8da]" name="findShopTest" duration-ms="26766" started-at="2020-08-10T01:18:10Z" finished-at="2020-08-10T01:18:36Z">
          <reporter-output>
          </reporter-output>
        </test-method> <!-- findShopTest -->
        <test-method status="PASS" signature="tearDown()[pri:0, instance:com.disney.HomePageTest@4909b8da]" name="tearDown" is-config="true" duration-ms="0" started-at="2020-08-10T01:18:36Z" finished-at="2020-08-10T01:18:36Z">
          <reporter-output>
          </reporter-output>
        </test-method> <!-- tearDown -->
        <test-method status="PASS" signature="setUp()[pri:0, instance:com.disney.HomePageTest@4909b8da]" name="setUp" is-config="true" duration-ms="6598" started-at="2020-08-10T01:18:37Z" finished-at="2020-08-10T01:18:43Z">
          <reporter-output>
          </reporter-output>
        </test-method> <!-- setUp -->
        <test-method status="PASS" signature="loginTest()[pri:0, instance:com.disney.HomePageTest@4909b8da]" name="loginTest" duration-ms="63182" started-at="2020-08-10T01:18:43Z" depends-on-methods="com.disney.HomePageTest.findShopTest" finished-at="2020-08-10T01:19:46Z">
          <reporter-output>
          </reporter-output>
        </test-method> <!-- loginTest -->
        <test-method status="PASS" signature="tearDown()[pri:0, instance:com.disney.HomePageTest@4909b8da]" name="tearDown" is-config="true" duration-ms="0" started-at="2020-08-10T01:19:46Z" finished-at="2020-08-10T01:19:46Z">
          <reporter-output>
          </reporter-output>
        </test-method> <!-- tearDown -->
      </class> <!-- com.disney.HomePageTest -->
    </test> <!-- Surefire test -->
  </suite> <!-- Surefire suite -->
</testng-results>
